<?xml version="1.0" encoding="UTF-8"?>
<testng-results skipped="0" failed="0" ignored="0" total="1" passed="1">
  <reporter-output>
  </reporter-output>
  <suite name="Default suite" duration-ms="33095" started-at="2018-07-17T14:28:45Z" finished-at="2018-07-17T14:29:18Z">
    <groups>
    </groups>
    <test name="Default test" duration-ms="33095" started-at="2018-07-17T14:28:45Z" finished-at="2018-07-17T14:29:18Z">
      <class name="com.malaria.test.HomepageTest">
        <test-method status="PASS" signature="setup()[pri:0, instance:com.malaria.test.HomepageTest@305fd85d]" name="setup" is-config="true" duration-ms="23611" started-at="2018-07-17T14:28:45Z" finished-at="2018-07-17T14:29:09Z">
          <reporter-output>
          </reporter-output>
        </test-method> <!-- setup -->
        <test-method status="PASS" signature="app_launching()[pri:0, instance:com.malaria.test.HomepageTest@305fd85d]" name="app_launching" duration-ms="3042" started-at="2018-07-17T14:29:09Z" finished-at="2018-07-17T14:29:12Z">
          <reporter-output>
          </reporter-output>
        </test-method> <!-- app_launching -->
        <test-method status="PASS" signature="teardown()[pri:0, instance:com.malaria.test.HomepageTest@305fd85d]" name="teardown" is-config="true" duration-ms="6415" started-at="2018-07-17T14:29:12Z" finished-at="2018-07-17T14:29:18Z">
          <reporter-output>
          </reporter-output>
        </test-method> <!-- teardown -->
      </class> <!-- com.malaria.test.HomepageTest -->
    </test> <!-- Default test -->
  </suite> <!-- Default suite -->
</testng-results>
